<?xml version="1.0" encoding="UTF-8"?>
<!-- Generated by org.testng.reporters.JUnitXMLReporter -->
<testsuite ignored="0" hostname="Bikram_laptop" failures="0" tests="3" name="Test" time="14.308" errors="0" timestamp="2023-11-23T22:36:05 IST">
  <testcase classname="com.AutomationTalks.demoProject1.TestClass1" name="Test1" time="5.234"/>
  <testcase classname="com.AutomationTalks.demoProject1.TestClass1" name="Test2" time="2.503"/>
  <testcase classname="com.AutomationTalks.demoProject1.TestClass1" name="Test3" time="2.51"/>
</testsuite> <!-- Test -->
