<?xml version="1.0" encoding="UTF-8"?>
<testng-results ignored="0" total="3" passed="3" failed="0" skipped="0">
  <reporter-output>
  </reporter-output>
  <suite started-at="2023-11-23T22:35:50 IST" name="Suite" finished-at="2023-11-23T22:36:05 IST" duration-ms="14308">
    <groups>
    </groups>
    <test started-at="2023-11-23T22:35:50 IST" name="Test" finished-at="2023-11-23T22:36:05 IST" duration-ms="14308">
      <class name="com.AutomationTalks.demoProject1.TestClass1">
        <test-method is-config="true" signature="launchDriver()[pri:0, instance:com.AutomationTalks.demoProject1.TestClass1@5c6648b0]" started-at="2023-11-23T22:35:50 IST" name="launchDriver" finished-at="2023-11-23T22:35:52 IST" duration-ms="1625" status="PASS">
          <reporter-output>
          </reporter-output>
        </test-method> <!-- launchDriver -->
        <test-method signature="Test1()[pri:0, instance:com.AutomationTalks.demoProject1.TestClass1@5c6648b0]" started-at="2023-11-23T22:35:52 IST" name="Test1" finished-at="2023-11-23T22:35:57 IST" duration-ms="5234" status="PASS">
          <reporter-output>
          </reporter-output>
        </test-method> <!-- Test1 -->
        <test-method is-config="true" signature="quit()[pri:0, instance:com.AutomationTalks.demoProject1.TestClass1@5c6648b0]" started-at="2023-11-23T22:35:57 IST" name="quit" finished-at="2023-11-23T22:35:57 IST" duration-ms="208" status="PASS">
          <reporter-output>
          </reporter-output>
        </test-method> <!-- quit -->
        <test-method is-config="true" signature="launchDriver()[pri:0, instance:com.AutomationTalks.demoProject1.TestClass1@5c6648b0]" started-at="2023-11-23T22:35:57 IST" name="launchDriver" finished-at="2023-11-23T22:35:58 IST" duration-ms="819" status="PASS">
          <reporter-output>
          </reporter-output>
        </test-method> <!-- launchDriver -->
        <test-method signature="Test2()[pri:0, instance:com.AutomationTalks.demoProject1.TestClass1@5c6648b0]" started-at="2023-11-23T22:35:58 IST" name="Test2" finished-at="2023-11-23T22:36:01 IST" duration-ms="2503" status="PASS">
          <reporter-output>
          </reporter-output>
        </test-method> <!-- Test2 -->
        <test-method is-config="true" signature="quit()[pri:0, instance:com.AutomationTalks.demoProject1.TestClass1@5c6648b0]" started-at="2023-11-23T22:36:01 IST" name="quit" finished-at="2023-11-23T22:36:01 IST" duration-ms="243" status="PASS">
          <reporter-output>
          </reporter-output>
        </test-method> <!-- quit -->
        <test-method is-config="true" signature="launchDriver()[pri:0, instance:com.AutomationTalks.demoProject1.TestClass1@5c6648b0]" started-at="2023-11-23T22:36:01 IST" name="launchDriver" finished-at="2023-11-23T22:36:02 IST" duration-ms="870" status="PASS">
          <reporter-output>
          </reporter-output>
        </test-method> <!-- launchDriver -->
        <test-method signature="Test3()[pri:0, instance:com.AutomationTalks.demoProject1.TestClass1@5c6648b0]" started-at="2023-11-23T22:36:02 IST" name="Test3" finished-at="2023-11-23T22:36:04 IST" duration-ms="2510" status="PASS">
          <reporter-output>
          </reporter-output>
        </test-method> <!-- Test3 -->
        <test-method is-config="true" signature="quit()[pri:0, instance:com.AutomationTalks.demoProject1.TestClass1@5c6648b0]" started-at="2023-11-23T22:36:04 IST" name="quit" finished-at="2023-11-23T22:36:05 IST" duration-ms="235" status="PASS">
          <reporter-output>
          </reporter-output>
        </test-method> <!-- quit -->
      </class> <!-- com.AutomationTalks.demoProject1.TestClass1 -->
    </test> <!-- Test -->
  </suite> <!-- Suite -->
</testng-results>
